Added Component: Designator=C7(CAP0402)
Add component. Clean all parameters for all variants
Add component (AddParameter): Name = "capasisctance"; Value = "1e-7"; VariantName = "[No Variations]"
Add component (AddParameter): Name = "datasheet"; Value = "https://static.chipdip.ru/lib/250/DOC000250694.pdf"; VariantName = "[No Variations]"
Add component (AddParameter): Name = "manufacturer"; Value = "Murata"; VariantName = "[No Variations]"
Add component (AddParameter): Name = "package"; Value = "0402"; VariantName = "[No Variations]"
Add component (AddParameter): Name = "Part Number"; Value = "GRM155R71C104K"; VariantName = "[No Variations]"
Add component (AddParameter): Name = "voltage"; Value = "10V"; VariantName = "[No Variations]"
Added Component: Designator=C8(CAP0402)
Add component. Clean all parameters for all variants
Add component (AddParameter): Name = "capasisctance"; Value = "1e-7"; VariantName = "[No Variations]"
Add component (AddParameter): Name = "datasheet"; Value = "https://static.chipdip.ru/lib/250/DOC000250694.pdf"; VariantName = "[No Variations]"
Add component (AddParameter): Name = "manufacturer"; Value = "Murata"; VariantName = "[No Variations]"
Add component (AddParameter): Name = "package"; Value = "0402"; VariantName = "[No Variations]"
Add component (AddParameter): Name = "Part Number"; Value = "GRM155R71C104K"; VariantName = "[No Variations]"
Add component (AddParameter): Name = "voltage"; Value = "10V"; VariantName = "[No Variations]"
Added Pin To Net: NetName=NetB1_1 Pin=C7-1
Added Pin To Net: NetName=GND Pin=C7-2
Added Pin To Net: NetName=+3V Pin=C8-1
Added Pin To Net: NetName=GND Pin=C8-2
Added Pin To Net: NetName=NetC1_1 Pin=D1-4
Added Pin To Net: NetName=NetD3_10 Pin=D3-10
Added Member To Class: ClassName=Sheet1 Member=Component C7 cap
Added Member To Class: ClassName=Sheet1 Member=Component C8 cap
