Added Component: Designator=C3(CAP0402)
Add component. Clean all parameters for all variants
Add component (AddParameter): Name = "capasisctance"; Value = "1e-7"; VariantName = "[No Variations]"
Add component (AddParameter): Name = "datasheet"; Value = "https://static.chipdip.ru/lib/250/DOC000250694.pdf"; VariantName = "[No Variations]"
Add component (AddParameter): Name = "manufacturer"; Value = "Murata"; VariantName = "[No Variations]"
Add component (AddParameter): Name = "package"; Value = "0402"; VariantName = "[No Variations]"
Add component (AddParameter): Name = "Part Number"; Value = "GRM155R71C104K"; VariantName = "[No Variations]"
Add component (AddParameter): Name = "voltage"; Value = "10V"; VariantName = "[No Variations]"
Added Component: Designator=C17(CAP0402)
Add component. Clean all parameters for all variants
Add component (AddParameter): Name = "capasisctance"; Value = "1e-7"; VariantName = "[No Variations]"
Add component (AddParameter): Name = "datasheet"; Value = "https://static.chipdip.ru/lib/250/DOC000250694.pdf"; VariantName = "[No Variations]"
Add component (AddParameter): Name = "manufacturer"; Value = "Murata"; VariantName = "[No Variations]"
Add component (AddParameter): Name = "package"; Value = "0402"; VariantName = "[No Variations]"
Add component (AddParameter): Name = "Part Number"; Value = "GRM155R71C104K"; VariantName = "[No Variations]"
Add component (AddParameter): Name = "voltage"; Value = "10V"; VariantName = "[No Variations]"
Added Pin To Net: NetName=NetC1_1 Pin=C3-1
Added Pin To Net: NetName=GND Pin=C3-2
Added Pin To Net: NetName=NetC17_1 Pin=C17-1
Added Pin To Net: NetName=GND Pin=C17-2
Added Pin To Net: NetName=NetB1_1 Pin=D1-4
Added Pin To Net: NetName=NetC1_1 Pin=D3-10
Added Member To Class: ClassName=Sheet1 Member=Component C3 cap
Added Member To Class: ClassName=Sheet1 Member=Component C17 cap
Added Room: Name=Sheet1
