Replace Part C1 cap in D:\test_work\AFE\altium\AFE001\Sheet1.SchDoc with cap from lib_for_test_work.DbLib
Replace Part C2 cap in D:\test_work\AFE\altium\AFE001\Sheet1.SchDoc with cap from lib_for_test_work.DbLib
Replace Part C4 cap in D:\test_work\AFE\altium\AFE001\Sheet1.SchDoc with cap from lib_for_test_work.DbLib
Replace Part C5 cap in D:\test_work\AFE\altium\AFE001\Sheet1.SchDoc with cap from lib_for_test_work.DbLib
Replace Part C6 cap in D:\test_work\AFE\altium\AFE001\Sheet1.SchDoc with cap from lib_for_test_work.DbLib
Replace Part C9 cap in D:\test_work\AFE\altium\AFE001\Sheet1.SchDoc with cap from lib_for_test_work.DbLib
Replace Part C11 cap in D:\test_work\AFE\altium\AFE001\Sheet1.SchDoc with cap from lib_for_test_work.DbLib
Replace Part C12 cap in D:\test_work\AFE\altium\AFE001\Sheet1.SchDoc with cap from lib_for_test_work.DbLib
Replace Part C13 cap in D:\test_work\AFE\altium\AFE001\Sheet1.SchDoc with cap from lib_for_test_work.DbLib
Replace Part C14 cap in D:\test_work\AFE\altium\AFE001\Sheet1.SchDoc with cap from lib_for_test_work.DbLib
Replace Part C15 cap in D:\test_work\AFE\altium\AFE001\Sheet1.SchDoc with cap from lib_for_test_work.DbLib
Replace Part D1 LION_BATTARY_CHARGER in D:\test_work\AFE\altium\AFE001\Sheet1.SchDoc with LION_BATTARY_CHARGER from lib_for_test_work.DbLib
Replace Part D2 LDO in D:\test_work\AFE\altium\AFE001\Sheet1.SchDoc with LDO from lib_for_test_work.DbLib
Replace Part D3 FT230X in D:\test_work\AFE\altium\AFE001\Sheet1.SchDoc with FT230X from lib_for_test_work.DbLib
Replace Part D4 AD8233 in D:\test_work\AFE\altium\AFE001\Sheet1.SchDoc with AD8233 from lib_for_test_work.DbLib
Replace Part D5 ISP1507AX in D:\test_work\AFE\altium\AFE001\Sheet1.SchDoc with ISP1507AX from lib_for_test_work.DbLib
Replace Part R3 res in D:\test_work\AFE\altium\AFE001\Sheet1.SchDoc with res from lib_for_test_work.DbLib
Replace Part R4 res in D:\test_work\AFE\altium\AFE001\Sheet1.SchDoc with res from lib_for_test_work.DbLib
Replace Part R5 res in D:\test_work\AFE\altium\AFE001\Sheet1.SchDoc with res from lib_for_test_work.DbLib
Replace Part R6 res in D:\test_work\AFE\altium\AFE001\Sheet1.SchDoc with res from lib_for_test_work.DbLib
Replace Part R7 res in D:\test_work\AFE\altium\AFE001\Sheet1.SchDoc with res from lib_for_test_work.DbLib
Replace Part R8 res in D:\test_work\AFE\altium\AFE001\Sheet1.SchDoc with res from lib_for_test_work.DbLib
Replace Part R9 res in D:\test_work\AFE\altium\AFE001\Sheet1.SchDoc with res from lib_for_test_work.DbLib
Replace Part R12 res in D:\test_work\AFE\altium\AFE001\Sheet1.SchDoc with res from lib_for_test_work.DbLib
Replace Part R14 res in D:\test_work\AFE\altium\AFE001\Sheet1.SchDoc with res from lib_for_test_work.DbLib
Replace Part R15 res in D:\test_work\AFE\altium\AFE001\Sheet1.SchDoc with res from lib_for_test_work.DbLib
Replace Part R16 res in D:\test_work\AFE\altium\AFE001\Sheet1.SchDoc with res from lib_for_test_work.DbLib
Replace Part R17 res in D:\test_work\AFE\altium\AFE001\Sheet1.SchDoc with res from lib_for_test_work.DbLib
Replace Part R18 res in D:\test_work\AFE\altium\AFE001\Sheet1.SchDoc with res from lib_for_test_work.DbLib
Replace Part R19 res in D:\test_work\AFE\altium\AFE001\Sheet1.SchDoc with res from lib_for_test_work.DbLib
Replace Part R20 res in D:\test_work\AFE\altium\AFE001\Sheet1.SchDoc with res from lib_for_test_work.DbLib
Replace Part U1 PRTR5V0U2X in D:\test_work\AFE\altium\AFE001\Sheet1.SchDoc with PRTR5V0U2X from lib_for_test_work.DbLib
Replace Part X2 RF-conrct in D:\test_work\AFE\altium\AFE001\Sheet1.SchDoc with RF-conrct from lib_for_test_work.DbLib
Replace Part X3 RF-conrct in D:\test_work\AFE\altium\AFE001\Sheet1.SchDoc with RF-conrct from lib_for_test_work.DbLib
Replace Part X4 RF-conrct in D:\test_work\AFE\altium\AFE001\Sheet1.SchDoc with RF-conrct from lib_for_test_work.DbLib
Replace Part X5 J-link6.0 in D:\test_work\AFE\altium\AFE001\Sheet1.SchDoc with J-link6.0 from lib_for_test_work.DbLib
